0 info it worked if it ends with ok
1 verbose cli [ 'node', '/usr/local/bin/npm', 'start' ]
2 info using npm@2.14.3
3 info using node@v0.10.24
4 verbose run-script [ 'prestart', 'start', 'poststart' ]
5 info prestart adidam-service-network@0.0.0
6 info start adidam-service-network@0.0.0
7 verbose unsafe-perm in lifecycle true
8 info adidam-service-network@0.0.0 Failed to exec start script
9 verbose stack Error: adidam-service-network@0.0.0 start: `node server.js`
9 verbose stack Exit status 8
9 verbose stack     at EventEmitter.<anonymous> (/usr/local/lib/node_modules/npm/lib/utils/lifecycle.js:214:16)
9 verbose stack     at EventEmitter.emit (events.js:98:17)
9 verbose stack     at ChildProcess.<anonymous> (/usr/local/lib/node_modules/npm/lib/utils/spawn.js:24:14)
9 verbose stack     at ChildProcess.EventEmitter.emit (events.js:98:17)
9 verbose stack     at maybeClose (child_process.js:735:16)
9 verbose stack     at Process.ChildProcess._handle.onexit (child_process.js:802:5)
10 verbose pkgid adidam-service-network@0.0.0
11 verbose cwd /Users/JC2/Desktop/Developer/adidam-service-network
12 error Darwin 15.3.0
13 error argv "node" "/usr/local/bin/npm" "start"
14 error node v0.10.24
15 error npm  v2.14.3
16 error code ELIFECYCLE
17 error adidam-service-network@0.0.0 start: `node server.js`
17 error Exit status 8
18 error Failed at the adidam-service-network@0.0.0 start script 'node server.js'.
18 error This is most likely a problem with the adidam-service-network package,
18 error not with npm itself.
18 error Tell the author that this fails on your system:
18 error     node server.js
18 error You can get their info via:
18 error     npm owner ls adidam-service-network
18 error There is likely additional logging output above.
19 verbose exit [ 1, true ]
